<?xml version="1.0" encoding="UTF-8"?>
<testsuite xmlns:xsi="http://www.w3.org/2001/XMLSchema-instance" xsi:noNamespaceSchemaLocation="https://maven.apache.org/surefire/maven-surefire-plugin/xsd/surefire-test-report-3.0.xsd" version="3.0" name="TextProcessorTest" time="0.046" tests="2" errors="0" skipped="0" failures="0">
  <properties>
    <property name="netbeans.deploy" value="true"/>
    <property name="java.specification.version" value="21"/>
    <property name="sun.cpu.isalist" value="amd64"/>
    <property name="sun.jnu.encoding" value="Cp1252"/>
    <property name="java.class.path" value="C:\Cursos\prueba-desarrollador\holaMundo-jsf\target\test-classes;C:\Cursos\prueba-desarrollador\holaMundo-jsf\target\classes;C:\Users\ASUS\.m2\repository\jakarta\platform\jakarta.jakartaee-api\11.0.0-M1\jakarta.jakartaee-api-11.0.0-M1.jar;C:\Users\ASUS\.m2\repository\jakarta\platform\jakarta.jakartaee-web-api\11.0.0-M1\jakarta.jakartaee-web-api-11.0.0-M1.jar;C:\Users\ASUS\.m2\repository\jakarta\servlet\jakarta.servlet-api\6.1.0-M1\jakarta.servlet-api-6.1.0-M1.jar;C:\Users\ASUS\.m2\repository\jakarta\servlet\jsp\jakarta.servlet.jsp-api\4.0.0-M1\jakarta.servlet.jsp-api-4.0.0-M1.jar;C:\Users\ASUS\.m2\repository\jakarta\data\jakarta-data-api\1.0.0-M1\jakarta-data-api-1.0.0-M1.jar;C:\Users\ASUS\.m2\repository\jakarta\enterprise\jakarta.enterprise.cdi-el-api\4.1.0-M1\jakarta.enterprise.cdi-el-api-4.1.0-M1.jar;C:\Users\ASUS\.m2\repository\jakarta\el\jakarta.el-api\6.0.0-M1\jakarta.el-api-6.0.0-M1.jar;C:\Users\ASUS\.m2\repository\jakarta\servlet\jsp\jstl\jakarta.servlet.jsp.jstl-api\3.0.0\jakarta.servlet.jsp.jstl-api-3.0.0.jar;C:\Users\ASUS\.m2\repository\jakarta\faces\jakarta.faces-api\4.1.0-M1\jakarta.faces-api-4.1.0-M1.jar;C:\Users\ASUS\.m2\repository\jakarta\websocket\jakarta.websocket-api\2.2.0-M1\jakarta.websocket-api-2.2.0-M1.jar;C:\Users\ASUS\.m2\repository\jakarta\websocket\jakarta.websocket-client-api\2.2.0-M1\jakarta.websocket-client-api-2.2.0-M1.jar;C:\Users\ASUS\.m2\repository\jakarta\ejb\jakarta.ejb-api\4.0.1\jakarta.ejb-api-4.0.1.jar;C:\Users\ASUS\.m2\repository\jakarta\transaction\jakarta.transaction-api\2.0.1\jakarta.transaction-api-2.0.1.jar;C:\Users\ASUS\.m2\repository\jakarta\persistence\jakarta.persistence-api\3.2.0-M1\jakarta.persistence-api-3.2.0-M1.jar;C:\Users\ASUS\.m2\repository\jakarta\validation\jakarta.validation-api\3.1.0-M1\jakarta.validation-api-3.1.0-M1.jar;C:\Users\ASUS\.m2\repository\jakarta\authentication\jakarta.authentication-api\3.1.0-M1\jakarta.authentication-api-3.1.0-M1.jar;C:\Users\ASUS\.m2\repository\jakarta\security\enterprise\jakarta.security.enterprise-api\4.0.0-M1\jakarta.security.enterprise-api-4.0.0-M1.jar;C:\Users\ASUS\.m2\repository\jakarta\enterprise\concurrent\jakarta.enterprise.concurrent-api\3.1.0-M1\jakarta.enterprise.concurrent-api-3.1.0-M1.jar;C:\Users\ASUS\.m2\repository\jakarta\platform\jakarta.jakartaee-core-api\11.0.0-M1\jakarta.jakartaee-core-api-11.0.0-M1.jar;C:\Users\ASUS\.m2\repository\jakarta\ws\rs\jakarta.ws.rs-api\3.1.0\jakarta.ws.rs-api-3.1.0.jar;C:\Users\ASUS\.m2\repository\jakarta\json\jakarta.json-api\2.1.0\jakarta.json-api-2.1.0.jar;C:\Users\ASUS\.m2\repository\jakarta\json\bind\jakarta.json.bind-api\3.0.0\jakarta.json.bind-api-3.0.0.jar;C:\Users\ASUS\.m2\repository\jakarta\annotation\jakarta.annotation-api\3.0.0-M1\jakarta.annotation-api-3.0.0-M1.jar;C:\Users\ASUS\.m2\repository\jakarta\interceptor\jakarta.interceptor-api\2.2.0-M1\jakarta.interceptor-api-2.2.0-M1.jar;C:\Users\ASUS\.m2\repository\jakarta\enterprise\jakarta.enterprise.cdi-api\4.1.0-M1\jakarta.enterprise.cdi-api-4.1.0-M1.jar;C:\Users\ASUS\.m2\repository\jakarta\inject\jakarta.inject-api\2.0.1\jakarta.inject-api-2.0.1.jar;C:\Users\ASUS\.m2\repository\jakarta\enterprise\jakarta.enterprise.lang-model\4.1.0-M1\jakarta.enterprise.lang-model-4.1.0-M1.jar;C:\Users\ASUS\.m2\repository\jakarta\jms\jakarta.jms-api\3.1.0\jakarta.jms-api-3.1.0.jar;C:\Users\ASUS\.m2\repository\jakarta\activation\jakarta.activation-api\2.1.2\jakarta.activation-api-2.1.2.jar;C:\Users\ASUS\.m2\repository\jakarta\mail\jakarta.mail-api\2.1.2\jakarta.mail-api-2.1.2.jar;C:\Users\ASUS\.m2\repository\jakarta\resource\jakarta.resource-api\2.1.0\jakarta.resource-api-2.1.0.jar;C:\Users\ASUS\.m2\repository\jakarta\authorization\jakarta.authorization-api\3.0.0-M1\jakarta.authorization-api-3.0.0-M1.jar;C:\Users\ASUS\.m2\repository\jakarta\batch\jakarta.batch-api\2.1.1\jakarta.batch-api-2.1.1.jar;C:\Users\ASUS\.m2\repository\org\apache\logging\log4j\log4j-api\2.12.0\log4j-api-2.12.0.jar;C:\Users\ASUS\.m2\repository\org\junit\jupiter\junit-jupiter-api\5.8.2\junit-jupiter-api-5.8.2.jar;C:\Users\ASUS\.m2\repository\org\opentest4j\opentest4j\1.2.0\opentest4j-1.2.0.jar;C:\Users\ASUS\.m2\repository\org\junit\platform\junit-platform-commons\1.8.2\junit-platform-commons-1.8.2.jar;C:\Users\ASUS\.m2\repository\org\apiguardian\apiguardian-api\1.1.2\apiguardian-api-1.1.2.jar;C:\Users\ASUS\.m2\repository\org\junit\jupiter\junit-jupiter-engine\5.8.2\junit-jupiter-engine-5.8.2.jar;C:\Users\ASUS\.m2\repository\org\junit\platform\junit-platform-engine\1.8.2\junit-platform-engine-1.8.2.jar;C:\Users\ASUS\.m2\repository\org\mockito\mockito-core\4.0.0\mockito-core-4.0.0.jar;C:\Users\ASUS\.m2\repository\net\bytebuddy\byte-buddy\1.11.19\byte-buddy-1.11.19.jar;C:\Users\ASUS\.m2\repository\net\bytebuddy\byte-buddy-agent\1.11.19\byte-buddy-agent-1.11.19.jar;C:\Users\ASUS\.m2\repository\org\objenesis\objenesis\3.2\objenesis-3.2.jar;"/>
    <property name="java.vm.vendor" value="Oracle Corporation"/>
    <property name="sun.arch.data.model" value="64"/>
    <property name="user.variant" value=""/>
    <property name="exec.appArgs" value=""/>
    <property name="java.vendor.url" value="https://java.oracle.com/"/>
    <property name="user.timezone" value="America/Bogota"/>
    <property name="os.name" value="Windows 11"/>
    <property name="java.vm.specification.version" value="21"/>
    <property name="user.country" value="CO"/>
    <property name="sun.java.launcher" value="SUN_STANDARD"/>
    <property name="sun.boot.library.path" value="C:\Program Files\Java\jdk-21\bin"/>
    <property name="sun.java.command" value="C:\Users\ASUS\AppData\Local\Temp\surefire2166770094868104513\surefirebooter-20240713204834563_3.jar C:\Users\ASUS\AppData\Local\Temp\surefire2166770094868104513 2024-07-13T20-48-34_483-jvmRun1 surefire-20240713204834563_1tmp surefire_0-20240713204834563_2tmp"/>
    <property name="jdk.debug" value="release"/>
    <property name="exec.vmArgs" value=""/>
    <property name="surefire.test.class.path" value="C:\Cursos\prueba-desarrollador\holaMundo-jsf\target\test-classes;C:\Cursos\prueba-desarrollador\holaMundo-jsf\target\classes;C:\Users\ASUS\.m2\repository\jakarta\platform\jakarta.jakartaee-api\11.0.0-M1\jakarta.jakartaee-api-11.0.0-M1.jar;C:\Users\ASUS\.m2\repository\jakarta\platform\jakarta.jakartaee-web-api\11.0.0-M1\jakarta.jakartaee-web-api-11.0.0-M1.jar;C:\Users\ASUS\.m2\repository\jakarta\servlet\jakarta.servlet-api\6.1.0-M1\jakarta.servlet-api-6.1.0-M1.jar;C:\Users\ASUS\.m2\repository\jakarta\servlet\jsp\jakarta.servlet.jsp-api\4.0.0-M1\jakarta.servlet.jsp-api-4.0.0-M1.jar;C:\Users\ASUS\.m2\repository\jakarta\data\jakarta-data-api\1.0.0-M1\jakarta-data-api-1.0.0-M1.jar;C:\Users\ASUS\.m2\repository\jakarta\enterprise\jakarta.enterprise.cdi-el-api\4.1.0-M1\jakarta.enterprise.cdi-el-api-4.1.0-M1.jar;C:\Users\ASUS\.m2\repository\jakarta\el\jakarta.el-api\6.0.0-M1\jakarta.el-api-6.0.0-M1.jar;C:\Users\ASUS\.m2\repository\jakarta\servlet\jsp\jstl\jakarta.servlet.jsp.jstl-api\3.0.0\jakarta.servlet.jsp.jstl-api-3.0.0.jar;C:\Users\ASUS\.m2\repository\jakarta\faces\jakarta.faces-api\4.1.0-M1\jakarta.faces-api-4.1.0-M1.jar;C:\Users\ASUS\.m2\repository\jakarta\websocket\jakarta.websocket-api\2.2.0-M1\jakarta.websocket-api-2.2.0-M1.jar;C:\Users\ASUS\.m2\repository\jakarta\websocket\jakarta.websocket-client-api\2.2.0-M1\jakarta.websocket-client-api-2.2.0-M1.jar;C:\Users\ASUS\.m2\repository\jakarta\ejb\jakarta.ejb-api\4.0.1\jakarta.ejb-api-4.0.1.jar;C:\Users\ASUS\.m2\repository\jakarta\transaction\jakarta.transaction-api\2.0.1\jakarta.transaction-api-2.0.1.jar;C:\Users\ASUS\.m2\repository\jakarta\persistence\jakarta.persistence-api\3.2.0-M1\jakarta.persistence-api-3.2.0-M1.jar;C:\Users\ASUS\.m2\repository\jakarta\validation\jakarta.validation-api\3.1.0-M1\jakarta.validation-api-3.1.0-M1.jar;C:\Users\ASUS\.m2\repository\jakarta\authentication\jakarta.authentication-api\3.1.0-M1\jakarta.authentication-api-3.1.0-M1.jar;C:\Users\ASUS\.m2\repository\jakarta\security\enterprise\jakarta.security.enterprise-api\4.0.0-M1\jakarta.security.enterprise-api-4.0.0-M1.jar;C:\Users\ASUS\.m2\repository\jakarta\enterprise\concurrent\jakarta.enterprise.concurrent-api\3.1.0-M1\jakarta.enterprise.concurrent-api-3.1.0-M1.jar;C:\Users\ASUS\.m2\repository\jakarta\platform\jakarta.jakartaee-core-api\11.0.0-M1\jakarta.jakartaee-core-api-11.0.0-M1.jar;C:\Users\ASUS\.m2\repository\jakarta\ws\rs\jakarta.ws.rs-api\3.1.0\jakarta.ws.rs-api-3.1.0.jar;C:\Users\ASUS\.m2\repository\jakarta\json\jakarta.json-api\2.1.0\jakarta.json-api-2.1.0.jar;C:\Users\ASUS\.m2\repository\jakarta\json\bind\jakarta.json.bind-api\3.0.0\jakarta.json.bind-api-3.0.0.jar;C:\Users\ASUS\.m2\repository\jakarta\annotation\jakarta.annotation-api\3.0.0-M1\jakarta.annotation-api-3.0.0-M1.jar;C:\Users\ASUS\.m2\repository\jakarta\interceptor\jakarta.interceptor-api\2.2.0-M1\jakarta.interceptor-api-2.2.0-M1.jar;C:\Users\ASUS\.m2\repository\jakarta\enterprise\jakarta.enterprise.cdi-api\4.1.0-M1\jakarta.enterprise.cdi-api-4.1.0-M1.jar;C:\Users\ASUS\.m2\repository\jakarta\inject\jakarta.inject-api\2.0.1\jakarta.inject-api-2.0.1.jar;C:\Users\ASUS\.m2\repository\jakarta\enterprise\jakarta.enterprise.lang-model\4.1.0-M1\jakarta.enterprise.lang-model-4.1.0-M1.jar;C:\Users\ASUS\.m2\repository\jakarta\jms\jakarta.jms-api\3.1.0\jakarta.jms-api-3.1.0.jar;C:\Users\ASUS\.m2\repository\jakarta\activation\jakarta.activation-api\2.1.2\jakarta.activation-api-2.1.2.jar;C:\Users\ASUS\.m2\repository\jakarta\mail\jakarta.mail-api\2.1.2\jakarta.mail-api-2.1.2.jar;C:\Users\ASUS\.m2\repository\jakarta\resource\jakarta.resource-api\2.1.0\jakarta.resource-api-2.1.0.jar;C:\Users\ASUS\.m2\repository\jakarta\authorization\jakarta.authorization-api\3.0.0-M1\jakarta.authorization-api-3.0.0-M1.jar;C:\Users\ASUS\.m2\repository\jakarta\batch\jakarta.batch-api\2.1.1\jakarta.batch-api-2.1.1.jar;C:\Users\ASUS\.m2\repository\org\apache\logging\log4j\log4j-api\2.12.0\log4j-api-2.12.0.jar;C:\Users\ASUS\.m2\repository\org\junit\jupiter\junit-jupiter-api\5.8.2\junit-jupiter-api-5.8.2.jar;C:\Users\ASUS\.m2\repository\org\opentest4j\opentest4j\1.2.0\opentest4j-1.2.0.jar;C:\Users\ASUS\.m2\repository\org\junit\platform\junit-platform-commons\1.8.2\junit-platform-commons-1.8.2.jar;C:\Users\ASUS\.m2\repository\org\apiguardian\apiguardian-api\1.1.2\apiguardian-api-1.1.2.jar;C:\Users\ASUS\.m2\repository\org\junit\jupiter\junit-jupiter-engine\5.8.2\junit-jupiter-engine-5.8.2.jar;C:\Users\ASUS\.m2\repository\org\junit\platform\junit-platform-engine\1.8.2\junit-platform-engine-1.8.2.jar;C:\Users\ASUS\.m2\repository\org\mockito\mockito-core\4.0.0\mockito-core-4.0.0.jar;C:\Users\ASUS\.m2\repository\net\bytebuddy\byte-buddy\1.11.19\byte-buddy-1.11.19.jar;C:\Users\ASUS\.m2\repository\net\bytebuddy\byte-buddy-agent\1.11.19\byte-buddy-agent-1.11.19.jar;C:\Users\ASUS\.m2\repository\org\objenesis\objenesis\3.2\objenesis-3.2.jar;"/>
    <property name="sun.cpu.endian" value="little"/>
    <property name="user.home" value="C:\Users\ASUS"/>
    <property name="user.language" value="es"/>
    <property name="java.specification.vendor" value="Oracle Corporation"/>
    <property name="java.version.date" value="2024-04-16"/>
    <property name="java.home" value="C:\Program Files\Java\jdk-21"/>
    <property name="file.separator" value="\"/>
    <property name="basedir" value="C:\Cursos\prueba-desarrollador\holaMundo-jsf"/>
    <property name="java.vm.compressedOopsMode" value="Zero based"/>
    <property name="line.separator" value="&#10;"/>
    <property name="java.vm.specification.vendor" value="Oracle Corporation"/>
    <property name="java.specification.name" value="Java Platform API Specification"/>
    <property name="surefire.real.class.path" value="C:\Users\ASUS\AppData\Local\Temp\surefire2166770094868104513\surefirebooter-20240713204834563_3.jar"/>
    <property name="user.script" value=""/>
    <property name="sun.management.compiler" value="HotSpot 64-Bit Tiered Compilers"/>
    <property name="java.runtime.version" value="21.0.3+7-LTS-152"/>
    <property name="user.name" value="ASUS"/>
    <property name="stdout.encoding" value="Cp1252"/>
    <property name="path.separator" value=";"/>
    <property name="os.version" value="10.0"/>
    <property name="java.runtime.name" value="Java(TM) SE Runtime Environment"/>
    <property name="file.encoding" value="UTF-8"/>
    <property name="java.vm.name" value="Java HotSpot(TM) 64-Bit Server VM"/>
    <property name="maven.ext.class.path" value="C:\Program Files\NetBeans-22\netbeans\java\maven-nblib\netbeans-eventspy.jar"/>
    <property name="localRepository" value="C:\Users\ASUS\.m2\repository"/>
    <property name="java.vendor.url.bug" value="https://bugreport.java.com/bugreport/"/>
    <property name="java.io.tmpdir" value="C:\Users\ASUS\AppData\Local\Temp\"/>
    <property name="java.version" value="21.0.3"/>
    <property name="user.dir" value="C:\Cursos\prueba-desarrollador\holaMundo-jsf"/>
    <property name="os.arch" value="amd64"/>
    <property name="java.vm.specification.name" value="Java Virtual Machine Specification"/>
    <property name="sun.os.patch.level" value=""/>
    <property name="native.encoding" value="Cp1252"/>
    <property name="java.library.path" value="C:\Program Files\Java\jdk-21\bin;C:\Windows\Sun\Java\bin;C:\Windows\system32;C:\Windows;C:\Program Files\Common Files\Oracle\Java\javapath;C:\Windows\system32;C:\Windows;C:\Windows\System32\Wbem;C:\Windows\System32\WindowsPowerShell\v1.0\;C:\Windows\System32\OpenSSH\;C:\Program Files\Git\cmd;C:\Program Files\Java\jdk-21\bin;C:\Program Files\nodejs\;C:\Program Files\MySQL\MySQL Shell 8.0\bin\;C:\Users\ASUS\AppData\Local\Microsoft\WindowsApps;C:\Users\ASUS\AppData\Local\Programs\Microsoft VS Code\bin;C:\flutter\bin;C:\Users\ASUS\AppData\Roaming\npm;."/>
    <property name="java.vm.info" value="mixed mode, sharing"/>
    <property name="stderr.encoding" value="Cp1252"/>
    <property name="java.vendor" value="Oracle Corporation"/>
    <property name="java.vm.version" value="21.0.3+7-LTS-152"/>
    <property name="sun.io.unicode.encoding" value="UnicodeLittle"/>
    <property name="java.class.version" value="65.0"/>
  </properties>
  <testcase name="testProcessText_InvalidFormat" classname="TextProcessorTest" time="0.025"/>
  <testcase name="testProcessText_ValidInput" classname="TextProcessorTest" time="0.006"/>
</testsuite>